<?xml version="1.0" encoding="UTF-8"?>
<!-- Generated by org.testng.reporters.JUnitReportReporter -->
<testsuite hostname="Imran-PC" name="com.freecrm.qa.testrunner.testrunner" tests="1" failures="0" timestamp="10 Sep 2018 03:41:38 GMT" time="0.019" errors="1">
  <testcase name="feature" time="0.019" classname="com.freecrm.qa.testrunner.testrunner">
    <error type="cucumber.runtime.CucumberException" message="java.io.IOException: Failed to create directory D:\MobileAutomation\FreeCRMCucumberFramework\target\cucumber-reports\CucumberTestReport.jsonrerun:target\cucumber-reports">
      <![CDATA[cucumber.runtime.CucumberException: java.io.IOException: Failed to create directory D:\MobileAutomation\FreeCRMCucumberFramework\target\cucumber-reports\CucumberTestReport.jsonrerun:target\cucumber-reports
	at cucumber.runtime.formatter.PluginFactory.create(PluginFactory.java:89)
	at cucumber.runtime.RuntimeOptions.getPlugins(RuntimeOptions.java:245)
	at cucumber.runtime.RuntimeOptions$1.invoke(RuntimeOptions.java:291)
	at com.sun.proxy.$Proxy17.uri(Unknown Source)
	at cucumber.runtime.model.CucumberFeature.run(CucumberFeature.java:160)
	at cucumber.api.testng.TestNGCucumberRunner.runCucumber(TestNGCucumberRunner.java:63)
	at com.freecrm.qa.testrunner.testrunner.feature(testrunner.java:28)
	at sun.reflect.NativeMethodAccessorImpl.invoke0(Native Method)
	at sun.reflect.NativeMethodAccessorImpl.invoke(NativeMethodAccessorImpl.java:62)
	at sun.reflect.DelegatingMethodAccessorImpl.invoke(DelegatingMethodAccessorImpl.java:43)
	at java.lang.reflect.Method.invoke(Method.java:498)
	at org.testng.internal.MethodInvocationHelper.invokeMethod(MethodInvocationHelper.java:86)
	at org.testng.internal.Invoker.invokeMethod(Invoker.java:643)
	at org.testng.internal.Invoker.invokeTestMethod(Invoker.java:820)
	at org.testng.internal.Invoker.invokeTestMethods(Invoker.java:1128)
	at org.testng.internal.TestMethodWorker.invokeTestMethods(TestMethodWorker.java:129)
	at org.testng.internal.TestMethodWorker.run(TestMethodWorker.java:112)
	at org.testng.TestRunner.privateRun(TestRunner.java:782)
	at org.testng.TestRunner.run(TestRunner.java:632)
	at org.testng.SuiteRunner.runTest(SuiteRunner.java:366)
	at org.testng.SuiteRunner.runSequentially(SuiteRunner.java:361)
	at org.testng.SuiteRunner.privateRun(SuiteRunner.java:319)
	at org.testng.SuiteRunner.run(SuiteRunner.java:268)
	at org.testng.SuiteRunnerWorker.runSuite(SuiteRunnerWorker.java:52)
	at org.testng.SuiteRunnerWorker.run(SuiteRunnerWorker.java:86)
	at org.testng.TestNG.runSuitesSequentially(TestNG.java:1244)
	at org.testng.TestNG.runSuitesLocally(TestNG.java:1169)
	at org.testng.TestNG.run(TestNG.java:1064)
	at org.testng.remote.AbstractRemoteTestNG.run(AbstractRemoteTestNG.java:114)
	at org.testng.remote.RemoteTestNG.initAndRun(RemoteTestNG.java:251)
	at org.testng.remote.RemoteTestNG.main(RemoteTestNG.java:77)
Caused by: java.io.IOException: Failed to create directory D:\MobileAutomation\FreeCRMCucumberFramework\target\cucumber-reports\CucumberTestReport.jsonrerun:target\cucumber-reports
	at cucumber.runtime.io.URLOutputStream.ensureParentDirExists(URLOutputStream.java:53)
	at cucumber.runtime.io.URLOutputStream.<init>(URLOutputStream.java:33)
	at cucumber.runtime.io.URLOutputStream.<init>(URLOutputStream.java:24)
	at cucumber.runtime.formatter.PluginFactory.convertOrNull(PluginFactory.java:142)
	at cucumber.runtime.formatter.PluginFactory.instantiate(PluginFactory.java:99)
	at cucumber.runtime.formatter.PluginFactory.create(PluginFactory.java:87)
	... 30 more
]]>
    </error>
  </testcase> <!-- feature -->
</testsuite> <!-- com.freecrm.qa.testrunner.testrunner -->
