<?xml version="1.0" encoding="UTF-8"?>
<!-- Generated by org.testng.reporters.JUnitReportReporter -->
<testsuite hostname="Imran-PC" name="com.freecrm.qa.testrunner.testrunner" tests="1" failures="0" timestamp="14 Sep 2018 03:56:18 GMT" time="0.350" errors="0">
  <testcase name="feature" time="0.350" classname="com.freecrm.qa.testrunner.testrunner"/>
</testsuite> <!-- com.freecrm.qa.testrunner.testrunner -->
