<?xml version="1.0" encoding="UTF-8"?>
<!-- Generated by org.testng.reporters.JUnitReportReporter -->
<testsuite hostname="QA-Imran" name="com.freecrm.qa.testrunner.testrunner" tests="1" failures="0" timestamp="19 Sep 2018 03:06:28 GMT" time="29.256" errors="0">
  <testcase name="feature" time="29.256" classname="com.freecrm.qa.testrunner.testrunner"/>
</testsuite> <!-- com.freecrm.qa.testrunner.testrunner -->
