<?xml version="1.0" encoding="UTF-8"?>
<!-- Generated by org.testng.reporters.JUnitReportReporter -->
<testsuite hostname="QA-Imran" name="com.freecrm.qa.testrunner.testrunner" tests="1" failures="0" timestamp="13 Sep 2018 10:50:45 GMT" time="38.415" errors="0">
  <testcase name="feature" time="38.415" classname="com.freecrm.qa.testrunner.testrunner"/>
</testsuite> <!-- com.freecrm.qa.testrunner.testrunner -->
