<?xml version="1.0" encoding="UTF-8"?>
<!-- Generated by org.testng.reporters.JUnitReportReporter -->
<testsuite hostname="QA-Imran" name="com.freecrm.qa.testrunner.testrunner" tests="1" failures="0" timestamp="15 Sep 2018 10:19:59 GMT" time="29.017" errors="0">
  <testcase name="feature" time="29.017" classname="com.freecrm.qa.testrunner.testrunner"/>
</testsuite> <!-- com.freecrm.qa.testrunner.testrunner -->
