<?xml version="1.0" encoding="UTF-8"?>
<!-- Generated by org.testng.reporters.JUnitReportReporter -->
<testsuite hostname="QA-Imran" name="com.freecrm.qa.testrunner.testrunner" tests="1" failures="0" timestamp="10 Sep 2018 11:57:21 GMT" time="67.225" errors="0">
  <testcase name="feature" time="67.225" classname="com.freecrm.qa.testrunner.testrunner"/>
</testsuite> <!-- com.freecrm.qa.testrunner.testrunner -->
