<?xml version="1.0" encoding="UTF-8"?>
<!-- Generated by org.testng.reporters.JUnitReportReporter -->
<testsuite hostname="QA-Imran" name="com.freecrm.qa.testrunner.testrunner" tests="1" failures="0" timestamp="17 Sep 2018 13:14:05 GMT" time="58.144" errors="0">
  <testcase name="feature" time="58.144" classname="com.freecrm.qa.testrunner.testrunner"/>
</testsuite> <!-- com.freecrm.qa.testrunner.testrunner -->
