<?xml version="1.0" encoding="UTF-8"?>
<!-- Generated by org.testng.reporters.JUnitReportReporter -->
<testsuite hostname="Imran-PC" name="com.freecrm.qa.testrunner.testrunner" tests="1" failures="0" timestamp="11 Sep 2018 03:34:23 GMT" time="57.563" errors="0">
  <testcase name="feature" time="57.563" classname="com.freecrm.qa.testrunner.testrunner"/>
</testsuite> <!-- com.freecrm.qa.testrunner.testrunner -->
